{"level":"error","message":"user_email already registered plz try with different user_email","timestamp":"2022-03-23 10:23:03"}
{"level":"error","message":"user_email already registered plz try with different user_email","timestamp":"2022-03-23 10:37:27"}
{"level":"error","message":"Password Invalid","timestamp":"2022-03-23 10:37:35"}
{"level":"error","message":"Password Invalid","timestamp":"2022-03-23 10:44:33"}
{"level":"error","message":"Error Occurred While Register","timestamp":"2022-03-23 10:44:42"}
{"level":"error","message":"Error Occurred While Register","timestamp":"2022-03-23 11:15:13"}
{"level":"error","message":"user_email already registered plz try with different user_email","timestamp":"2022-03-23 11:15:58"}
{"level":"error","message":"User does not exist","timestamp":"2022-03-23 18:20:43"}
{"level":"error","message":"User does not exist","timestamp":"2022-03-23 18:22:07"}
{"level":"error","message":"User does not exist","timestamp":"2022-03-23 18:22:37"}
{"level":"error","message":"User does not exist","timestamp":"2022-03-23 18:23:29"}
{"level":"error","message":"User does not exist","timestamp":"2022-03-23 18:25:47"}
{"level":"error","message":"User does not exist","timestamp":"2022-03-23 18:26:54"}
{"level":"error","message":"User does not exist","timestamp":"2022-03-23 18:27:34"}
{"level":"error","message":"User does not exist","timestamp":"2022-03-23 18:28:46"}
{"level":"error","message":"User does not exist","timestamp":"2022-03-23 18:30:02"}
{"level":"error","message":"Employee does not exist","timestamp":"2022-03-23 18:30:02"}
{"level":"error","message":"User does not exist","timestamp":"2022-03-23 18:31:20"}
{"level":"error","message":"Employee does not exist","timestamp":"2022-03-23 18:31:20"}
{"level":"error","message":"User does not exist","timestamp":"2022-03-23 18:32:49"}
{"level":"error","message":"Employee does not exist","timestamp":"2022-03-23 18:32:50"}
{"level":"error","message":"User does not exist","timestamp":"2022-03-23 18:34:16"}
{"level":"error","message":"User does not exist","timestamp":"2022-03-23 18:36:43"}
{"level":"error","message":"User does not exist","timestamp":"2022-03-23 18:37:32"}
{"level":"error","message":"User does not exist","timestamp":"2022-03-23 19:13:29"}
{"level":"error","message":"User does not exist","timestamp":"2022-03-23 19:14:56"}
{"level":"error","message":"User does not exist","timestamp":"2022-03-23 19:15:06"}
{"level":"error","message":"User does not exist","timestamp":"2022-03-23 19:15:07"}
{"level":"error","message":"User does not exist","timestamp":"2022-03-23 19:16:15"}
{"level":"error","message":"User does not exist","timestamp":"2022-03-23 19:16:48"}
{"level":"error","message":"User does not exist","timestamp":"2022-03-23 19:18:36"}
{"level":"error","message":"User does not exist","timestamp":"2022-03-23 19:20:05"}
{"level":"error","message":"Employee does not exist","timestamp":"2022-03-23 19:21:28"}
{"level":"error","message":"Employee does not exist","timestamp":"2022-03-23 19:43:17"}
{"level":"error","message":"user does not exist","timestamp":"2022-03-23 19:44:24"}
{"level":"error","message":"user does not exist","timestamp":"2022-03-23 19:47:42"}
{"level":"error","message":"user does not exist","timestamp":"2022-03-23 19:49:43"}
